TN:
SF:test-runner.ts
FN:39,(anonymous_7)
FN:46,(anonymous_8)
FN:46,(anonymous_9)
FN:62,(anonymous_10)
FN:63,(anonymous_11)
FN:71,(anonymous_12)
FN:98,(anonymous_13)
FN:151,(anonymous_15)
FN:161,(anonymous_17)
FN:170,(anonymous_18)
FN:178,(anonymous_19)
FN:186,(anonymous_20)
FN:195,(anonymous_21)
FN:200,(anonymous_22)
FN:210,(anonymous_23)
FN:234,(anonymous_24)
FN:255,(anonymous_25)
FN:282,(anonymous_26)
FN:288,(anonymous_27)
FN:290,(anonymous_28)
FN:302,(anonymous_29)
FN:324,(anonymous_30)
FN:404,(anonymous_31)
FN:409,(anonymous_33)
FN:420,(anonymous_34)
FN:438,(anonymous_35)
FN:451,(anonymous_36)
FN:454,(anonymous_38)
FN:455,(anonymous_39)
FN:456,(anonymous_40)
FN:461,(anonymous_41)
FN:463,(anonymous_42)
FN:485,(anonymous_43)
FN:510,(anonymous_44)
FN:529,(anonymous_46)
FN:530,(anonymous_47)
FN:531,(anonymous_48)
FN:560,(anonymous_49)
FN:560,(anonymous_50)
FN:581,(anonymous_51)
FN:581,(anonymous_52)
FN:596,(anonymous_53)
FN:619,(anonymous_54)
FN:619,(anonymous_55)
FN:639,(anonymous_56)
FN:644,(anonymous_57)
FN:647,(anonymous_58)
FNF:47
FNH:0
FNDA:0,(anonymous_7)
FNDA:0,(anonymous_8)
FNDA:0,(anonymous_9)
FNDA:0,(anonymous_10)
FNDA:0,(anonymous_11)
FNDA:0,(anonymous_12)
FNDA:0,(anonymous_13)
FNDA:0,(anonymous_15)
FNDA:0,(anonymous_17)
FNDA:0,(anonymous_18)
FNDA:0,(anonymous_19)
FNDA:0,(anonymous_20)
FNDA:0,(anonymous_21)
FNDA:0,(anonymous_22)
FNDA:0,(anonymous_23)
FNDA:0,(anonymous_24)
FNDA:0,(anonymous_25)
FNDA:0,(anonymous_26)
FNDA:0,(anonymous_27)
FNDA:0,(anonymous_28)
FNDA:0,(anonymous_29)
FNDA:0,(anonymous_30)
FNDA:0,(anonymous_31)
FNDA:0,(anonymous_33)
FNDA:0,(anonymous_34)
FNDA:0,(anonymous_35)
FNDA:0,(anonymous_36)
FNDA:0,(anonymous_38)
FNDA:0,(anonymous_39)
FNDA:0,(anonymous_40)
FNDA:0,(anonymous_41)
FNDA:0,(anonymous_42)
FNDA:0,(anonymous_43)
FNDA:0,(anonymous_44)
FNDA:0,(anonymous_46)
FNDA:0,(anonymous_47)
FNDA:0,(anonymous_48)
FNDA:0,(anonymous_49)
FNDA:0,(anonymous_50)
FNDA:0,(anonymous_51)
FNDA:0,(anonymous_52)
FNDA:0,(anonymous_53)
FNDA:0,(anonymous_54)
FNDA:0,(anonymous_55)
FNDA:0,(anonymous_56)
FNDA:0,(anonymous_57)
FNDA:0,(anonymous_58)
DA:8,0
DA:9,0
DA:11,0
DA:12,0
DA:13,0
DA:36,0
DA:37,0
DA:39,0
DA:40,0
DA:46,0
DA:47,0
DA:48,0
DA:49,0
DA:50,0
DA:51,0
DA:53,0
DA:55,0
DA:57,0
DA:60,0
DA:61,0
DA:62,0
DA:63,0
DA:65,0
DA:66,0
DA:67,0
DA:70,0
DA:71,0
DA:72,0
DA:75,0
DA:76,0
DA:78,0
DA:79,0
DA:84,0
DA:87,0
DA:88,0
DA:91,0
DA:99,0
DA:100,0
DA:101,0
DA:102,0
DA:104,0
DA:105,0
DA:114,0
DA:116,0
DA:117,0
DA:118,0
DA:122,0
DA:124,0
DA:125,0
DA:126,0
DA:127,0
DA:128,0
DA:131,0
DA:132,0
DA:136,0
DA:137,0
DA:138,0
DA:141,0
DA:142,0
DA:145,0
DA:158,0
DA:159,0
DA:161,0
DA:162,0
DA:167,0
DA:168,0
DA:170,0
DA:171,0
DA:172,0
DA:173,0
DA:174,0
DA:178,0
DA:179,0
DA:180,0
DA:181,0
DA:182,0
DA:186,0
DA:187,0
DA:188,0
DA:189,0
DA:191,0
DA:195,0
DA:196,0
DA:200,0
DA:201,0
DA:202,0
DA:211,0
DA:213,0
DA:215,0
DA:218,0
DA:221,0
DA:224,0
DA:227,0
DA:241,0
DA:244,0
DA:245,0
DA:246,0
DA:247,0
DA:249,0
DA:256,0
DA:257,0
DA:259,0
DA:264,0
DA:268,0
DA:269,0
DA:270,0
DA:272,0
DA:273,0
DA:276,0
DA:283,0
DA:285,0
DA:286,0
DA:288,0
DA:289,0
DA:290,0
DA:291,0
DA:292,0
DA:296,0
DA:303,0
DA:325,0
DA:405,0
DA:407,0
DA:409,0
DA:411,0
DA:413,0
DA:421,0
DA:422,0
DA:423,0
DA:425,0
DA:426,0
DA:427,0
DA:428,0
DA:429,0
DA:430,0
DA:432,0
DA:433,0
DA:436,0
DA:437,0
DA:438,0
DA:439,0
DA:442,0
DA:443,0
DA:452,0
DA:453,0
DA:454,0
DA:455,0
DA:456,0
DA:457,0
DA:458,0
DA:461,0
DA:462,0
DA:463,0
DA:466,0
DA:467,0
DA:468,0
DA:469,0
DA:470,0
DA:471,0
DA:472,0
DA:473,0
DA:474,0
DA:475,0
DA:476,0
DA:477,0
DA:478,0
DA:479,0
DA:480,0
DA:481,0
DA:484,0
DA:485,0
DA:486,0
DA:487,0
DA:488,0
DA:490,0
DA:494,0
DA:497,0
DA:498,0
DA:499,0
DA:500,0
DA:502,0
DA:503,0
DA:515,0
DA:516,0
DA:517,0
DA:520,0
DA:529,0
DA:530,0
DA:531,0
DA:537,0
DA:538,0
DA:540,0
DA:545,0
DA:550,0
DA:560,0
DA:561,0
DA:571,0
DA:572,0
DA:575,0
DA:581,0
DA:582,0
DA:592,0
DA:594,0
DA:595,0
DA:596,0
DA:597,0
DA:601,0
DA:602,0
DA:603,0
DA:604,0
DA:605,0
DA:608,0
DA:609,0
DA:611,0
DA:612,0
DA:616,0
DA:619,0
DA:620,0
DA:630,0
DA:631,0
DA:633,0
DA:635,0
DA:636,0
DA:637,0
DA:638,0
DA:639,0
DA:640,0
DA:642,0
DA:643,0
DA:644,0
DA:645,0
DA:646,0
DA:647,0
DA:648,0
DA:651,0
DA:655,0
DA:656,0
LF:236
LH:0
BRDA:46,0,0,0
BRDA:61,1,0,0
BRDA:61,1,1,0
BRDA:65,2,0,0
BRDA:78,3,0,0
BRDA:138,4,0,0
BRDA:138,4,1,0
BRDA:170,5,0,0
BRDA:170,5,1,0
BRDA:170,6,0,0
BRDA:170,6,1,0
BRDA:173,7,0,0
BRDA:178,8,0,0
BRDA:178,8,1,0
BRDA:178,9,0,0
BRDA:178,9,1,0
BRDA:181,10,0,0
BRDA:213,11,0,0
BRDA:213,11,1,0
BRDA:213,11,2,0
BRDA:213,11,3,0
BRDA:213,11,4,0
BRDA:246,12,0,0
BRDA:250,13,0,0
BRDA:250,13,1,0
BRDA:251,14,0,0
BRDA:251,14,1,0
BRDA:252,15,0,0
BRDA:252,15,1,0
BRDA:253,16,0,0
BRDA:253,16,1,0
BRDA:255,17,0,0
BRDA:255,17,1,0
BRDA:255,18,0,0
BRDA:255,18,1,0
BRDA:255,19,0,0
BRDA:255,19,1,0
BRDA:256,20,0,0
BRDA:264,21,0,0
BRDA:264,21,1,0
BRDA:268,22,0,0
BRDA:268,22,1,0
BRDA:269,23,0,0
BRDA:269,23,1,0
BRDA:270,24,0,0
BRDA:270,24,1,0
BRDA:272,25,0,0
BRDA:283,26,0,0
BRDA:289,27,0,0
BRDA:289,27,1,0
BRDA:292,28,0,0
BRDA:296,29,0,0
BRDA:296,29,1,0
BRDA:309,30,0,0
BRDA:309,30,1,0
BRDA:310,31,0,0
BRDA:310,31,1,0
BRDA:311,32,0,0
BRDA:311,32,1,0
BRDA:312,33,0,0
BRDA:312,33,1,0
BRDA:313,34,0,0
BRDA:313,34,1,0
BRDA:315,35,0,0
BRDA:315,35,1,0
BRDA:316,36,0,0
BRDA:316,36,1,0
BRDA:317,37,0,0
BRDA:317,37,1,0
BRDA:422,38,0,0
BRDA:422,38,1,0
BRDA:432,39,0,0
BRDA:436,40,0,0
BRDA:439,41,0,0
BRDA:439,41,1,0
BRDA:442,42,0,0
BRDA:458,43,0,0
BRDA:458,43,1,0
BRDA:462,44,0,0
BRDA:462,44,1,0
BRDA:487,45,0,0
BRDA:487,45,1,0
BRDA:488,46,0,0
BRDA:488,46,1,0
BRDA:498,47,0,0
BRDA:498,47,1,0
BRDA:516,48,0,0
BRDA:527,49,0,0
BRDA:527,49,1,0
BRDA:594,50,0,0
BRDA:601,51,0,0
BRDA:608,52,0,0
BRDA:636,53,0,0
BRDA:636,53,1,0
BRDA:640,54,0,0
BRDA:640,54,1,0
BRDA:655,55,0,0
BRF:97
BRH:0
end_of_record
TN:
SF:e2e/run-e2e-tests.ts
FN:91,generateTestReport
FN:123,generateHtmlReport
FN:191,(anonymous_10)
FN:200,(anonymous_11)
FN:221,main
FN:313,(anonymous_14)
FN:318,(anonymous_15)
FN:324,(anonymous_16)
FNF:8
FNH:0
FNDA:0,generateTestReport
FNDA:0,generateHtmlReport
FNDA:0,(anonymous_10)
FNDA:0,(anonymous_11)
FNDA:0,main
FNDA:0,(anonymous_14)
FNDA:0,(anonymous_15)
FNDA:0,(anonymous_16)
DA:11,0
DA:12,0
DA:13,0
DA:14,0
DA:29,0
DA:72,0
DA:92,0
DA:93,0
DA:95,0
DA:96,0
DA:98,0
DA:111,0
DA:114,0
DA:115,0
DA:116,0
DA:118,0
DA:119,0
DA:120,0
DA:124,0
DA:125,0
DA:127,0
DA:128,0
DA:130,0
DA:191,0
DA:200,0
DA:222,0
DA:234,0
DA:236,0
DA:237,0
DA:238,0
DA:239,0
DA:240,0
DA:243,0
DA:244,0
DA:245,0
DA:246,0
DA:250,0
DA:263,0
DA:264,0
DA:265,0
DA:269,0
DA:271,0
DA:272,0
DA:275,0
DA:276,0
DA:280,0
DA:281,0
DA:285,0
DA:287,0
DA:288,0
DA:289,0
DA:290,0
DA:291,0
DA:292,0
DA:294,0
DA:297,0
DA:300,0
DA:301,0
DA:302,0
DA:304,0
DA:308,0
DA:313,0
DA:314,0
DA:315,0
DA:318,0
DA:319,0
DA:320,0
DA:323,0
DA:324,0
DA:325,0
DA:326,0
DA:330,0
LF:72
LH:0
BRDA:127,0,0,0
BRDA:127,0,1,0
BRDA:128,1,0,0
BRDA:128,1,1,0
BRDA:164,2,0,0
BRDA:164,2,1,0
BRDA:195,3,0,0
BRDA:195,3,1,0
BRDA:201,4,0,0
BRDA:201,4,1,0
BRDA:203,5,0,0
BRDA:203,5,1,0
BRDA:206,6,0,0
BRDA:206,6,1,0
BRDA:206,7,0,0
BRDA:206,7,1,0
BRDA:206,8,0,0
BRDA:206,8,1,0
BRDA:207,9,0,0
BRDA:207,9,1,0
BRDA:207,10,0,0
BRDA:207,10,1,0
BRDA:207,11,0,0
BRDA:207,11,1,0
BRDA:210,12,0,0
BRDA:210,12,1,0
BRDA:238,13,0,0
BRDA:238,13,1,0
BRDA:243,14,0,0
BRDA:255,15,0,0
BRDA:255,15,1,0
BRDA:259,16,0,0
BRDA:259,16,1,0
BRDA:263,17,0,0
BRDA:275,18,0,0
BRDA:280,19,0,0
BRDA:285,20,0,0
BRDA:285,20,1,0
BRDA:288,21,0,0
BRDA:288,21,1,0
BRDA:300,22,0,0
BRDA:323,23,0,0
BRF:42
BRH:0
end_of_record
TN:
SF:load/load-test-config.ts
FN:185,getLoadTestConfig
FN:203,getPerformanceBaselines
FN:228,generateTestUserData
FN:232,(anonymous_3)
FN:247,generateCallScenarios
FN:258,(anonymous_5)
FNF:6
FNH:0
FNDA:0,getLoadTestConfig
FNDA:0,getPerformanceBaselines
FNDA:0,generateTestUserData
FNDA:0,(anonymous_3)
FNDA:0,generateCallScenarios
FNDA:0,(anonymous_5)
DA:10,0
DA:40,0
DA:74,0
DA:101,0
DA:151,0
DA:160,0
DA:185,0
DA:186,0
DA:188,0
DA:189,0
DA:192,0
DA:203,0
DA:204,0
DA:222,0
DA:228,0
DA:229,0
DA:230,0
DA:232,0
DA:247,0
DA:248,0
DA:249,0
DA:250,0
DA:258,0
DA:272,0
DA:303,0
LF:25
LH:0
BRDA:188,0,0,0
BRDA:222,1,0,0
BRDA:222,1,1,0
BRDA:265,2,0,0
BRDA:265,2,1,0
BRF:5
BRH:0
end_of_record
TN:
SF:mocks/azure-mock-service.ts
FN:31,(anonymous_7)
FN:39,(anonymous_8)
FN:71,(anonymous_10)
FN:72,(anonymous_11)
FN:81,(anonymous_12)
FN:85,(anonymous_14)
FN:88,(anonymous_15)
FN:88,(anonymous_16)
FN:100,(anonymous_17)
FN:101,(anonymous_18)
FN:123,(anonymous_19)
FN:124,(anonymous_20)
FN:131,(anonymous_21)
FN:135,(anonymous_22)
FN:153,(anonymous_23)
FN:154,(anonymous_24)
FN:157,(anonymous_25)
FN:197,(anonymous_26)
FN:206,(anonymous_27)
FN:244,(anonymous_29)
FN:250,(anonymous_31)
FN:253,(anonymous_32)
FN:300,(anonymous_33)
FN:355,(anonymous_34)
FN:356,(anonymous_35)
FN:380,(anonymous_36)
FN:387,(anonymous_37)
FN:413,(anonymous_39)
FN:426,(anonymous_41)
FN:438,(anonymous_43)
FN:451,(anonymous_44)
FN:452,(anonymous_45)
FN:459,(anonymous_46)
FN:467,(anonymous_47)
FN:474,(anonymous_49)
FN:482,(anonymous_50)
FN:487,(anonymous_52)
FN:496,(anonymous_53)
FN:497,(anonymous_54)
FN:503,(anonymous_55)
FN:507,(anonymous_56)
FN:521,(anonymous_57)
FN:534,(anonymous_58)
FN:535,(anonymous_59)
FN:545,(anonymous_60)
FN:554,(anonymous_61)
FN:564,(anonymous_63)
FN:574,(anonymous_65)
FN:582,(anonymous_67)
FN:583,(anonymous_68)
FNF:50
FNH:0
FNDA:0,(anonymous_7)
FNDA:0,(anonymous_8)
FNDA:0,(anonymous_10)
FNDA:0,(anonymous_11)
FNDA:0,(anonymous_12)
FNDA:0,(anonymous_14)
FNDA:0,(anonymous_15)
FNDA:0,(anonymous_16)
FNDA:0,(anonymous_17)
FNDA:0,(anonymous_18)
FNDA:0,(anonymous_19)
FNDA:0,(anonymous_20)
FNDA:0,(anonymous_21)
FNDA:0,(anonymous_22)
FNDA:0,(anonymous_23)
FNDA:0,(anonymous_24)
FNDA:0,(anonymous_25)
FNDA:0,(anonymous_26)
FNDA:0,(anonymous_27)
FNDA:0,(anonymous_29)
FNDA:0,(anonymous_31)
FNDA:0,(anonymous_32)
FNDA:0,(anonymous_33)
FNDA:0,(anonymous_34)
FNDA:0,(anonymous_35)
FNDA:0,(anonymous_36)
FNDA:0,(anonymous_37)
FNDA:0,(anonymous_39)
FNDA:0,(anonymous_41)
FNDA:0,(anonymous_43)
FNDA:0,(anonymous_44)
FNDA:0,(anonymous_45)
FNDA:0,(anonymous_46)
FNDA:0,(anonymous_47)
FNDA:0,(anonymous_49)
FNDA:0,(anonymous_50)
FNDA:0,(anonymous_52)
FNDA:0,(anonymous_53)
FNDA:0,(anonymous_54)
FNDA:0,(anonymous_55)
FNDA:0,(anonymous_56)
FNDA:0,(anonymous_57)
FNDA:0,(anonymous_58)
FNDA:0,(anonymous_59)
FNDA:0,(anonymous_60)
FNDA:0,(anonymous_61)
FNDA:0,(anonymous_63)
FNDA:0,(anonymous_65)
FNDA:0,(anonymous_67)
FNDA:0,(anonymous_68)
DA:7,0
DA:26,0
DA:27,0
DA:28,0
DA:29,0
DA:32,0
DA:33,0
DA:41,0
DA:44,0
DA:55,0
DA:56,0
DA:58,0
DA:72,0
DA:73,0
DA:74,0
DA:77,0
DA:82,0
DA:86,0
DA:88,0
DA:89,0
DA:90,0
DA:91,0
DA:92,0
DA:101,0
DA:105,0
DA:106,0
DA:109,0
DA:110,0
DA:112,0
DA:124,0
DA:127,0
DA:130,0
DA:132,0
DA:133,0
DA:135,0
DA:136,0
DA:137,0
DA:138,0
DA:139,0
DA:140,0
DA:142,0
DA:146,0
DA:150,0
DA:154,0
DA:159,0
DA:196,0
DA:198,0
DA:199,0
DA:200,0
DA:208,0
DA:209,0
DA:212,0
DA:213,0
DA:215,0
DA:216,0
DA:218,0
DA:245,0
DA:246,0
DA:247,0
DA:249,0
DA:251,0
DA:253,0
DA:254,0
DA:255,0
DA:271,0
DA:272,0
DA:273,0
DA:276,0
DA:289,0
DA:290,0
DA:291,0
DA:295,0
DA:302,0
DA:305,0
DA:306,0
DA:315,0
DA:316,0
DA:325,0
DA:326,0
DA:335,0
DA:336,0
DA:345,0
DA:356,0
DA:377,0
DA:378,0
DA:381,0
DA:388,0
DA:390,0
DA:391,0
DA:393,0
DA:402,0
DA:405,0
DA:407,0
DA:414,0
DA:416,0
DA:417,0
DA:418,0
DA:419,0
DA:430,0
DA:432,0
DA:433,0
DA:434,0
DA:435,0
DA:438,0
DA:439,0
DA:440,0
DA:441,0
DA:442,0
DA:452,0
DA:456,0
DA:459,0
DA:460,0
DA:471,0
DA:474,0
DA:475,0
DA:483,0
DA:484,0
DA:489,0
DA:496,0
DA:497,0
DA:498,0
DA:504,0
DA:508,0
DA:518,0
DA:522,0
DA:531,0
DA:535,0
DA:540,0
DA:546,0
DA:547,0
DA:548,0
DA:555,0
DA:557,0
DA:558,0
DA:565,0
DA:567,0
DA:568,0
DA:575,0
DA:576,0
DA:577,0
DA:578,0
DA:579,0
DA:583,0
LF:143
LH:0
BRDA:32,0,0,0
BRDA:33,1,0,0
BRDA:63,2,0,0
BRDA:63,2,1,0
BRDA:86,3,0,0
BRDA:89,4,0,0
BRDA:102,5,0,0
BRDA:125,6,0,0
BRDA:136,7,0,0
BRDA:136,7,1,0
BRDA:198,8,0,0
BRDA:199,9,0,0
BRDA:200,10,0,0
BRDA:254,11,0,0
BRDA:254,11,1,0
BRDA:305,12,0,0
BRDA:305,13,0,0
BRDA:305,13,1,0
BRDA:305,13,2,0
BRDA:305,13,3,0
BRDA:315,14,0,0
BRDA:315,15,0,0
BRDA:315,15,1,0
BRDA:315,15,2,0
BRDA:315,15,3,0
BRDA:325,16,0,0
BRDA:325,17,0,0
BRDA:325,17,1,0
BRDA:325,17,2,0
BRDA:325,17,3,0
BRDA:335,18,0,0
BRDA:381,19,0,0
BRDA:417,20,0,0
BRDA:433,21,0,0
BRDA:439,22,0,0
BRDA:454,23,0,0
BRDA:484,24,0,0
BRDA:484,24,1,0
BRDA:525,25,0,0
BRDA:525,25,1,0
BRDA:525,26,0,0
BRDA:525,26,1,0
BRDA:527,27,0,0
BRDA:527,27,1,0
BRF:44
BRH:0
end_of_record
